  .   ____          _            __ _ _
 /\\ / ___'_ __ _ _(_)_ __  __ _ \ \ \ \
( ( )\___ | '_ | '_| | '_ \/ _` | \ \ \ \
 \\/  ___)| |_)| | | | | || (_| |  ) ) ) )
  '  |____| .__|_| |_|_| |_\__, | / / / /
 =========|_|==============|___/=/_/_/_/

 :: Spring Boot ::                (v3.3.0)

2026-06-20T11:28:26.509+05:30  INFO 28514 --- [cpi-backend] [           main] c.cpi.cpi_backend.CpiBackendApplication  : Starting CpiBackendApplication v0.0.1-SNAPSHOT using Java 17.0.18 with PID 28514 (/home/gowtham/Desktop/Cricket_Analysis/target/cpi-backend-0.0.1-SNAPSHOT.jar started by gowtham in /home/gowtham/Desktop/Cricket_Analysis)
2026-06-20T11:28:26.552+05:30  INFO 28514 --- [cpi-backend] [           main] c.cpi.cpi_backend.CpiBackendApplication  : No active profile set, falling back to 1 default profile: "default"
2026-06-20T11:28:32.982+05:30  INFO 28514 --- [cpi-backend] [           main] .s.d.r.c.RepositoryConfigurationDelegate : Bootstrapping Spring Data JPA repositories in DEFAULT mode.
2026-06-20T11:28:33.415+05:30  INFO 28514 --- [cpi-backend] [           main] .s.d.r.c.RepositoryConfigurationDelegate : Finished Spring Data repository scanning in 405 ms. Found 7 JPA repository interfaces.
2026-06-20T11:28:36.873+05:30  INFO 28514 --- [cpi-backend] [           main] o.s.b.w.embedded.tomcat.TomcatWebServer  : Tomcat initialized with port 8080 (http)
2026-06-20T11:28:36.966+05:30  INFO 28514 --- [cpi-backend] [           main] o.apache.catalina.core.StandardService   : Starting service [Tomcat]
2026-06-20T11:28:36.974+05:30  INFO 28514 --- [cpi-backend] [           main] o.apache.catalina.core.StandardEngine    : Starting Servlet engine: [Apache Tomcat/10.1.24]
2026-06-20T11:28:37.182+05:30  INFO 28514 --- [cpi-backend] [           main] o.a.c.c.C.[Tomcat].[localhost].[/]       : Initializing Spring embedded WebApplicationContext
2026-06-20T11:28:37.187+05:30  INFO 28514 --- [cpi-backend] [           main] w.s.c.ServletWebServerApplicationContext : Root WebApplicationContext: initialization completed in 9724 ms
2026-06-20T11:28:38.218+05:30  INFO 28514 --- [cpi-backend] [           main] o.hibernate.jpa.internal.util.LogHelper  : HHH000204: Processing PersistenceUnitInfo [name: default]
2026-06-20T11:28:38.460+05:30  INFO 28514 --- [cpi-backend] [           main] org.hibernate.Version                    : HHH000412: Hibernate ORM core version 6.5.2.Final
2026-06-20T11:28:38.614+05:30  INFO 28514 --- [cpi-backend] [           main] o.h.c.internal.RegionFactoryInitiator    : HHH000026: Second-level cache disabled
2026-06-20T11:28:40.717+05:30  INFO 28514 --- [cpi-backend] [           main] o.s.o.j.p.SpringPersistenceUnitInfo      : No LoadTimeWeaver setup: ignoring JPA class transformer
2026-06-20T11:28:40.875+05:30  INFO 28514 --- [cpi-backend] [           main] com.zaxxer.hikari.HikariDataSource       : HikariPool-1 - Starting...
2026-06-20T11:28:42.262+05:30  INFO 28514 --- [cpi-backend] [           main] com.zaxxer.hikari.pool.HikariPool        : HikariPool-1 - Added connection conn0: url=jdbc:h2:mem:cpi_db user=SA
2026-06-20T11:28:42.266+05:30  INFO 28514 --- [cpi-backend] [           main] com.zaxxer.hikari.HikariDataSource       : HikariPool-1 - Start completed.
2026-06-20T11:28:42.335+05:30  WARN 28514 --- [cpi-backend] [           main] org.hibernate.orm.deprecation            : HHH90000025: H2Dialect does not need to be specified explicitly using 'hibernate.dialect' (remove the property setting and it will be selected by default)
2026-06-20T11:28:46.052+05:30  INFO 28514 --- [cpi-backend] [           main] o.h.e.t.j.p.i.JtaPlatformInitiator       : HHH000489: No JTA platform available (set 'hibernate.transaction.jta.platform' to enable JTA platform integration)
2026-06-20T11:28:46.452+05:30  INFO 28514 --- [cpi-backend] [           main] j.LocalContainerEntityManagerFactoryBean : Initialized JPA EntityManagerFactory for persistence unit 'default'
2026-06-20T11:28:48.437+05:30  INFO 28514 --- [cpi-backend] [           main] o.s.d.j.r.query.QueryEnhancerFactory     : Hibernate is in classpath; If applicable, HQL parser will be used.
2026-06-20T11:28:50.942+05:30  INFO 28514 --- [cpi-backend] [           main] eAuthenticationProviderManagerConfigurer : Global AuthenticationManager configured with AuthenticationProvider bean with name authenticationProvider
2026-06-20T11:28:50.946+05:30  WARN 28514 --- [cpi-backend] [           main] r$InitializeUserDetailsManagerConfigurer : Global AuthenticationManager configured with an AuthenticationProvider bean. UserDetailsService beans will not be used for username/password login. Consider removing the AuthenticationProvider bean. Alternatively, consider using the UserDetailsService in a manually instantiated DaoAuthenticationProvider.
2026-06-20T11:28:51.670+05:30  INFO 28514 --- [cpi-backend] [           main] o.s.b.a.w.s.WelcomePageHandlerMapping    : Adding welcome page: class path resource [static/index.html]
2026-06-20T11:28:52.682+05:30  INFO 28514 --- [cpi-backend] [           main] o.s.s.web.DefaultSecurityFilterChain     : Will secure any request with [org.springframework.security.web.session.DisableEncodeUrlFilter@3520d2db, org.springframework.security.web.context.request.async.WebAsyncManagerIntegrationFilter@7c4b7bc3, org.springframework.security.web.context.SecurityContextHolderFilter@1320d929, org.springframework.security.web.header.HeaderWriterFilter@5d52a17b, org.springframework.web.filter.CorsFilter@5a36a405, org.springframework.security.web.authentication.logout.LogoutFilter@7cff1930, com.cpi.cpi_backend.security.JwtAuthenticationFilter@485547ac, org.springframework.security.web.savedrequest.RequestCacheAwareFilter@6cc91654, org.springframework.security.web.servletapi.SecurityContextHolderAwareRequestFilter@72de1d86, org.springframework.security.web.authentication.AnonymousAuthenticationFilter@45b7b254, org.springframework.security.web.session.SessionManagementFilter@4c58212, org.springframework.security.web.access.ExceptionTranslationFilter@4cbf1c30, org.springframework.security.web.access.intercept.AuthorizationFilter@358f85b1]
2026-06-20T11:28:53.737+05:30  INFO 28514 --- [cpi-backend] [           main] o.s.b.w.embedded.tomcat.TomcatWebServer  : Tomcat started on port 8080 (http) with context path '/'
2026-06-20T11:28:53.832+05:30  INFO 28514 --- [cpi-backend] [           main] c.cpi.cpi_backend.CpiBackendApplication  : Started CpiBackendApplication in 30.192 seconds (process running for 33.003)
2026-06-20T11:28:54.272+05:30  INFO 28514 --- [cpi-backend] [nio-8080-exec-1] o.a.c.c.C.[Tomcat].[localhost].[/]       : Initializing Spring DispatcherServlet 'dispatcherServlet'
2026-06-20T11:28:54.273+05:30  INFO 28514 --- [cpi-backend] [nio-8080-exec-1] o.s.web.servlet.DispatcherServlet        : Initializing Servlet 'dispatcherServlet'
2026-06-20T11:28:54.281+05:30  INFO 28514 --- [cpi-backend] [nio-8080-exec-1] o.s.web.servlet.DispatcherServlet        : Completed initialization in 7 ms
Schema update check: database product is H2
H2 team_id alter failed/ignored: StatementCallback; bad SQL grammar [ALTER TABLE players ALTER COLUMN team_id SET NULL]
H2: Dropped team_id column.
2026-06-20T11:28:57.676+05:30  INFO 28514 --- [cpi-backend] [ionShutdownHook] j.LocalContainerEntityManagerFactoryBean : Closing JPA EntityManagerFactory for persistence unit 'default'
2026-06-20T11:28:57.700+05:30  INFO 28514 --- [cpi-backend] [ionShutdownHook] com.zaxxer.hikari.HikariDataSource       : HikariPool-1 - Shutdown initiated...
2026-06-20T11:28:57.716+05:30  INFO 28514 --- [cpi-backend] [ionShutdownHook] com.zaxxer.hikari.HikariDataSource       : HikariPool-1 - Shutdown completed.
